{"C:\\Users\\hecto\\OneDrive\\Documentos\\GitHub\\Microverse\\Module two\\To-Do-List-C\\modules\\application\\application.js": {"path":"C:\\Users\\hecto\\OneDrive\\Documentos\\GitHub\\Microverse\\Module two\\To-Do-List-C\\modules\\application\\application.js","statementMap":{"0":{"start":{"line":3,"column":4},"end":{"line":3,"column":55}},"1":{"start":{"line":4,"column":4},"end":{"line":4,"column":56}},"2":{"start":{"line":5,"column":4},"end":{"line":5,"column":23}},"3":{"start":{"line":6,"column":4},"end":{"line":6,"column":59}},"4":{"start":{"line":7,"column":4},"end":{"line":7,"column":27}},"5":{"start":{"line":10,"column":12},"end":{"line":13,"column":3}},"6":{"start":{"line":11,"column":4},"end":{"line":11,"column":22}},"7":{"start":{"line":12,"column":4},"end":{"line":12,"column":21}},"8":{"start":{"line":15,"column":18},"end":{"line":22,"column":3}},"9":{"start":{"line":16,"column":4},"end":{"line":18,"column":7}},"10":{"start":{"line":20,"column":4},"end":{"line":20,"column":22}},"11":{"start":{"line":21,"column":4},"end":{"line":21,"column":21}},"12":{"start":{"line":24,"column":15},"end":{"line":37,"column":3}},"13":{"start":{"line":25,"column":23},"end":{"line":25,"column":25}},"14":{"start":{"line":26,"column":16},"end":{"line":26,"column":17}},"15":{"start":{"line":27,"column":4},"end":{"line":33,"column":7}},"16":{"start":{"line":28,"column":6},"end":{"line":32,"column":7}},"17":{"start":{"line":29,"column":8},"end":{"line":29,"column":39}},"18":{"start":{"line":30,"column":8},"end":{"line":30,"column":42}},"19":{"start":{"line":31,"column":8},"end":{"line":31,"column":19}},"20":{"start":{"line":34,"column":4},"end":{"line":34,"column":31}},"21":{"start":{"line":35,"column":4},"end":{"line":35,"column":22}},"22":{"start":{"line":36,"column":4},"end":{"line":36,"column":21}},"23":{"start":{"line":39,"column":17},"end":{"line":46,"column":3}},"24":{"start":{"line":40,"column":4},"end":{"line":43,"column":5}},"25":{"start":{"line":41,"column":6},"end":{"line":41,"column":46}},"26":{"start":{"line":42,"column":6},"end":{"line":42,"column":24}},"27":{"start":{"line":45,"column":4},"end":{"line":45,"column":44}},"28":{"start":{"line":48,"column":14},"end":{"line":55,"column":3}},"29":{"start":{"line":49,"column":4},"end":{"line":52,"column":5}},"30":{"start":{"line":50,"column":6},"end":{"line":50,"column":47}},"31":{"start":{"line":51,"column":6},"end":{"line":51,"column":24}},"32":{"start":{"line":54,"column":4},"end":{"line":54,"column":42}},"33":{"start":{"line":57,"column":20},"end":{"line":66,"column":3}},"34":{"start":{"line":58,"column":26},"end":{"line":61,"column":6}},"35":{"start":{"line":59,"column":20},"end":{"line":59,"column":44}},"36":{"start":{"line":60,"column":6},"end":{"line":60,"column":19}},"37":{"start":{"line":62,"column":4},"end":{"line":62,"column":34}},"38":{"start":{"line":63,"column":4},"end":{"line":63,"column":22}},"39":{"start":{"line":65,"column":4},"end":{"line":65,"column":43}},"40":{"start":{"line":68,"column":14},"end":{"line":94,"column":3}},"41":{"start":{"line":69,"column":16},"end":{"line":69,"column":20}},"42":{"start":{"line":70,"column":4},"end":{"line":70,"column":32}},"43":{"start":{"line":71,"column":4},"end":{"line":81,"column":12}},"44":{"start":{"line":72,"column":22},"end":{"line":72,"column":24}},"45":{"start":{"line":73,"column":6},"end":{"line":75,"column":7}},"46":{"start":{"line":74,"column":8},"end":{"line":74,"column":32}},"47":{"start":{"line":76,"column":6},"end":{"line":80,"column":13}},"48":{"start":{"line":83,"column":4},"end":{"line":89,"column":7}},"49":{"start":{"line":84,"column":24},"end":{"line":84,"column":78}},"50":{"start":{"line":85,"column":6},"end":{"line":85,"column":32}},"51":{"start":{"line":86,"column":6},"end":{"line":88,"column":7}},"52":{"start":{"line":87,"column":8},"end":{"line":87,"column":33}},"53":{"start":{"line":91,"column":4},"end":{"line":93,"column":5}},"54":{"start":{"line":92,"column":6},"end":{"line":92,"column":29}},"55":{"start":{"line":96,"column":20},"end":{"line":100,"column":3}},"56":{"start":{"line":97,"column":4},"end":{"line":97,"column":34}},"57":{"start":{"line":98,"column":4},"end":{"line":98,"column":35}},"58":{"start":{"line":99,"column":4},"end":{"line":99,"column":33}},"59":{"start":{"line":102,"column":27},"end":{"line":134,"column":3}},"60":{"start":{"line":104,"column":20},"end":{"line":104,"column":56}},"61":{"start":{"line":105,"column":16},"end":{"line":105,"column":20}},"62":{"start":{"line":106,"column":4},"end":{"line":113,"column":12}},"63":{"start":{"line":107,"column":6},"end":{"line":110,"column":9}},"64":{"start":{"line":108,"column":32},"end":{"line":108,"column":51}},"65":{"start":{"line":109,"column":8},"end":{"line":109,"column":62}},"66":{"start":{"line":111,"column":6},"end":{"line":111,"column":27}},"67":{"start":{"line":112,"column":6},"end":{"line":112,"column":23}},"68":{"start":{"line":116,"column":19},"end":{"line":116,"column":61}},"69":{"start":{"line":117,"column":4},"end":{"line":125,"column":12}},"70":{"start":{"line":118,"column":6},"end":{"line":122,"column":9}},"71":{"start":{"line":119,"column":23},"end":{"line":119,"column":42}},"72":{"start":{"line":120,"column":8},"end":{"line":120,"column":82}},"73":{"start":{"line":121,"column":8},"end":{"line":121,"column":24}},"74":{"start":{"line":123,"column":6},"end":{"line":123,"column":26}},"75":{"start":{"line":124,"column":6},"end":{"line":124,"column":22}},"76":{"start":{"line":128,"column":21},"end":{"line":128,"column":58}},"77":{"start":{"line":129,"column":4},"end":{"line":132,"column":7}},"78":{"start":{"line":130,"column":6},"end":{"line":130,"column":29}},"79":{"start":{"line":131,"column":6},"end":{"line":131,"column":22}},"80":{"start":{"line":133,"column":4},"end":{"line":133,"column":24}},"81":{"start":{"line":136,"column":28},"end":{"line":155,"column":3}},"82":{"start":{"line":137,"column":4},"end":{"line":153,"column":7}},"83":{"start":{"line":138,"column":6},"end":{"line":140,"column":7}},"84":{"start":{"line":139,"column":8},"end":{"line":139,"column":15}},"85":{"start":{"line":142,"column":21},"end":{"line":142,"column":40}},"86":{"start":{"line":143,"column":20},"end":{"line":143,"column":44}},"87":{"start":{"line":144,"column":6},"end":{"line":146,"column":7}},"88":{"start":{"line":145,"column":8},"end":{"line":145,"column":15}},"89":{"start":{"line":148,"column":6},"end":{"line":151,"column":7}},"90":{"start":{"line":149,"column":8},"end":{"line":149,"column":40}},"91":{"start":{"line":150,"column":8},"end":{"line":150,"column":38}},"92":{"start":{"line":152,"column":6},"end":{"line":152,"column":29}},"93":{"start":{"line":154,"column":4},"end":{"line":154,"column":28}},"94":{"start":{"line":157,"column":26},"end":{"line":192,"column":3}},"95":{"start":{"line":158,"column":16},"end":{"line":158,"column":20}},"96":{"start":{"line":159,"column":21},"end":{"line":159,"column":55}},"97":{"start":{"line":160,"column":4},"end":{"line":191,"column":12}},"98":{"start":{"line":161,"column":6},"end":{"line":179,"column":9}},"99":{"start":{"line":162,"column":8},"end":{"line":164,"column":9}},"100":{"start":{"line":163,"column":10},"end":{"line":163,"column":17}},"101":{"start":{"line":166,"column":23},"end":{"line":166,"column":42}},"102":{"start":{"line":167,"column":20},"end":{"line":167,"column":42}},"103":{"start":{"line":168,"column":8},"end":{"line":168,"column":59}},"104":{"start":{"line":169,"column":8},"end":{"line":169,"column":39}},"105":{"start":{"line":170,"column":8},"end":{"line":172,"column":9}},"106":{"start":{"line":171,"column":10},"end":{"line":171,"column":17}},"107":{"start":{"line":174,"column":8},"end":{"line":178,"column":9}},"108":{"start":{"line":175,"column":10},"end":{"line":175,"column":61}},"109":{"start":{"line":176,"column":10},"end":{"line":176,"column":66}},"110":{"start":{"line":177,"column":10},"end":{"line":177,"column":30}},"111":{"start":{"line":181,"column":6},"end":{"line":186,"column":9}},"112":{"start":{"line":182,"column":23},"end":{"line":182,"column":42}},"113":{"start":{"line":183,"column":8},"end":{"line":185,"column":9}},"114":{"start":{"line":184,"column":10},"end":{"line":184,"column":66}},"115":{"start":{"line":188,"column":6},"end":{"line":188,"column":25}},"116":{"start":{"line":189,"column":6},"end":{"line":189,"column":21}},"117":{"start":{"line":190,"column":6},"end":{"line":190,"column":24}},"118":{"start":{"line":194,"column":15},"end":{"line":200,"column":3}},"119":{"start":{"line":195,"column":4},"end":{"line":197,"column":5}},"120":{"start":{"line":196,"column":6},"end":{"line":196,"column":91}},"121":{"start":{"line":199,"column":4},"end":{"line":199,"column":25}},"122":{"start":{"line":202,"column":15},"end":{"line":210,"column":3}},"123":{"start":{"line":203,"column":4},"end":{"line":207,"column":5}},"124":{"start":{"line":204,"column":6},"end":{"line":206,"column":7}},"125":{"start":{"line":205,"column":8},"end":{"line":205,"column":90}},"126":{"start":{"line":209,"column":4},"end":{"line":209,"column":25}}},"fnMap":{"0":{"name":"(anonymous_0)","decl":{"start":{"line":2,"column":2},"end":{"line":2,"column":3}},"loc":{"start":{"line":2,"column":30},"end":{"line":8,"column":3}},"line":2},"1":{"name":"(anonymous_1)","decl":{"start":{"line":10,"column":12},"end":{"line":10,"column":13}},"loc":{"start":{"line":10,"column":18},"end":{"line":13,"column":3}},"line":10},"2":{"name":"(anonymous_2)","decl":{"start":{"line":15,"column":18},"end":{"line":15,"column":19}},"loc":{"start":{"line":15,"column":33},"end":{"line":22,"column":3}},"line":15},"3":{"name":"(anonymous_3)","decl":{"start":{"line":24,"column":15},"end":{"line":24,"column":16}},"loc":{"start":{"line":24,"column":32},"end":{"line":37,"column":3}},"line":24},"4":{"name":"(anonymous_4)","decl":{"start":{"line":27,"column":26},"end":{"line":27,"column":27}},"loc":{"start":{"line":27,"column":42},"end":{"line":33,"column":5}},"line":27},"5":{"name":"(anonymous_5)","decl":{"start":{"line":39,"column":17},"end":{"line":39,"column":18}},"loc":{"start":{"line":39,"column":34},"end":{"line":46,"column":3}},"line":39},"6":{"name":"(anonymous_6)","decl":{"start":{"line":48,"column":14},"end":{"line":48,"column":15}},"loc":{"start":{"line":48,"column":33},"end":{"line":55,"column":3}},"line":48},"7":{"name":"(anonymous_7)","decl":{"start":{"line":57,"column":20},"end":{"line":57,"column":21}},"loc":{"start":{"line":57,"column":26},"end":{"line":66,"column":3}},"line":57},"8":{"name":"(anonymous_8)","decl":{"start":{"line":58,"column":47},"end":{"line":58,"column":48}},"loc":{"start":{"line":58,"column":57},"end":{"line":61,"column":5}},"line":58},"9":{"name":"(anonymous_9)","decl":{"start":{"line":68,"column":14},"end":{"line":68,"column":15}},"loc":{"start":{"line":68,"column":20},"end":{"line":94,"column":3}},"line":68},"10":{"name":"(anonymous_10)","decl":{"start":{"line":71,"column":26},"end":{"line":71,"column":27}},"loc":{"start":{"line":71,"column":39},"end":{"line":81,"column":5}},"line":71},"11":{"name":"(anonymous_11)","decl":{"start":{"line":83,"column":26},"end":{"line":83,"column":27}},"loc":{"start":{"line":83,"column":39},"end":{"line":89,"column":5}},"line":83},"12":{"name":"(anonymous_12)","decl":{"start":{"line":96,"column":20},"end":{"line":96,"column":21}},"loc":{"start":{"line":96,"column":26},"end":{"line":100,"column":3}},"line":96},"13":{"name":"(anonymous_13)","decl":{"start":{"line":102,"column":27},"end":{"line":102,"column":28}},"loc":{"start":{"line":102,"column":33},"end":{"line":134,"column":3}},"line":102},"14":{"name":"(anonymous_14)","decl":{"start":{"line":106,"column":20},"end":{"line":106,"column":21}},"loc":{"start":{"line":106,"column":39},"end":{"line":113,"column":5}},"line":106},"15":{"name":"(anonymous_15)","decl":{"start":{"line":107,"column":39},"end":{"line":107,"column":40}},"loc":{"start":{"line":107,"column":50},"end":{"line":110,"column":7}},"line":107},"16":{"name":"(anonymous_16)","decl":{"start":{"line":117,"column":19},"end":{"line":117,"column":20}},"loc":{"start":{"line":117,"column":37},"end":{"line":125,"column":5}},"line":117},"17":{"name":"(anonymous_17)","decl":{"start":{"line":118,"column":38},"end":{"line":118,"column":39}},"loc":{"start":{"line":118,"column":49},"end":{"line":122,"column":7}},"line":118},"18":{"name":"(anonymous_18)","decl":{"start":{"line":129,"column":39},"end":{"line":129,"column":40}},"loc":{"start":{"line":129,"column":45},"end":{"line":132,"column":5}},"line":129},"19":{"name":"(anonymous_19)","decl":{"start":{"line":136,"column":28},"end":{"line":136,"column":29}},"loc":{"start":{"line":136,"column":34},"end":{"line":155,"column":3}},"line":136},"20":{"name":"(anonymous_20)","decl":{"start":{"line":137,"column":43},"end":{"line":137,"column":44}},"loc":{"start":{"line":137,"column":54},"end":{"line":153,"column":5}},"line":137},"21":{"name":"(anonymous_21)","decl":{"start":{"line":157,"column":26},"end":{"line":157,"column":27}},"loc":{"start":{"line":157,"column":32},"end":{"line":192,"column":3}},"line":157},"22":{"name":"(anonymous_22)","decl":{"start":{"line":160,"column":21},"end":{"line":160,"column":22}},"loc":{"start":{"line":160,"column":38},"end":{"line":191,"column":5}},"line":160},"23":{"name":"(anonymous_23)","decl":{"start":{"line":161,"column":37},"end":{"line":161,"column":38}},"loc":{"start":{"line":161,"column":48},"end":{"line":179,"column":7}},"line":161},"24":{"name":"(anonymous_24)","decl":{"start":{"line":181,"column":40},"end":{"line":181,"column":41}},"loc":{"start":{"line":181,"column":51},"end":{"line":186,"column":7}},"line":181},"25":{"name":"(anonymous_25)","decl":{"start":{"line":194,"column":15},"end":{"line":194,"column":16}},"loc":{"start":{"line":194,"column":21},"end":{"line":200,"column":3}},"line":194},"26":{"name":"(anonymous_26)","decl":{"start":{"line":202,"column":15},"end":{"line":202,"column":16}},"loc":{"start":{"line":202,"column":21},"end":{"line":210,"column":3}},"line":202}},"branchMap":{"0":{"loc":{"start":{"line":2,"column":14},"end":{"line":2,"column":28}},"type":"default-arg","locations":[{"start":{"line":2,"column":23},"end":{"line":2,"column":28}}],"line":2},"1":{"loc":{"start":{"line":28,"column":6},"end":{"line":32,"column":7}},"type":"if","locations":[{"start":{"line":28,"column":6},"end":{"line":32,"column":7}},{"start":{},"end":{}}],"line":28},"2":{"loc":{"start":{"line":40,"column":4},"end":{"line":43,"column":5}},"type":"if","locations":[{"start":{"line":40,"column":4},"end":{"line":43,"column":5}},{"start":{},"end":{}}],"line":40},"3":{"loc":{"start":{"line":49,"column":4},"end":{"line":52,"column":5}},"type":"if","locations":[{"start":{"line":49,"column":4},"end":{"line":52,"column":5}},{"start":{},"end":{}}],"line":49},"4":{"loc":{"start":{"line":73,"column":6},"end":{"line":75,"column":7}},"type":"if","locations":[{"start":{"line":73,"column":6},"end":{"line":75,"column":7}},{"start":{},"end":{}}],"line":73},"5":{"loc":{"start":{"line":86,"column":6},"end":{"line":88,"column":7}},"type":"if","locations":[{"start":{"line":86,"column":6},"end":{"line":88,"column":7}},{"start":{},"end":{}}],"line":86},"6":{"loc":{"start":{"line":91,"column":4},"end":{"line":93,"column":5}},"type":"if","locations":[{"start":{"line":91,"column":4},"end":{"line":93,"column":5}},{"start":{},"end":{}}],"line":91},"7":{"loc":{"start":{"line":138,"column":6},"end":{"line":140,"column":7}},"type":"if","locations":[{"start":{"line":138,"column":6},"end":{"line":140,"column":7}},{"start":{},"end":{}}],"line":138},"8":{"loc":{"start":{"line":144,"column":6},"end":{"line":146,"column":7}},"type":"if","locations":[{"start":{"line":144,"column":6},"end":{"line":146,"column":7}},{"start":{},"end":{}}],"line":144},"9":{"loc":{"start":{"line":144,"column":10},"end":{"line":144,"column":63}},"type":"binary-expr","locations":[{"start":{"line":144,"column":10},"end":{"line":144,"column":42}},{"start":{"line":144,"column":46},"end":{"line":144,"column":63}}],"line":144},"10":{"loc":{"start":{"line":148,"column":6},"end":{"line":151,"column":7}},"type":"if","locations":[{"start":{"line":148,"column":6},"end":{"line":151,"column":7}},{"start":{},"end":{}}],"line":148},"11":{"loc":{"start":{"line":162,"column":8},"end":{"line":164,"column":9}},"type":"if","locations":[{"start":{"line":162,"column":8},"end":{"line":164,"column":9}},{"start":{},"end":{}}],"line":162},"12":{"loc":{"start":{"line":170,"column":8},"end":{"line":172,"column":9}},"type":"if","locations":[{"start":{"line":170,"column":8},"end":{"line":172,"column":9}},{"start":{},"end":{}}],"line":170},"13":{"loc":{"start":{"line":170,"column":12},"end":{"line":170,"column":65}},"type":"binary-expr","locations":[{"start":{"line":170,"column":12},"end":{"line":170,"column":44}},{"start":{"line":170,"column":48},"end":{"line":170,"column":65}}],"line":170},"14":{"loc":{"start":{"line":174,"column":8},"end":{"line":178,"column":9}},"type":"if","locations":[{"start":{"line":174,"column":8},"end":{"line":178,"column":9}},{"start":{},"end":{}}],"line":174},"15":{"loc":{"start":{"line":183,"column":8},"end":{"line":185,"column":9}},"type":"if","locations":[{"start":{"line":183,"column":8},"end":{"line":185,"column":9}},{"start":{},"end":{}}],"line":183},"16":{"loc":{"start":{"line":195,"column":4},"end":{"line":197,"column":5}},"type":"if","locations":[{"start":{"line":195,"column":4},"end":{"line":197,"column":5}},{"start":{},"end":{}}],"line":195},"17":{"loc":{"start":{"line":203,"column":4},"end":{"line":207,"column":5}},"type":"if","locations":[{"start":{"line":203,"column":4},"end":{"line":207,"column":5}},{"start":{},"end":{}}],"line":203},"18":{"loc":{"start":{"line":204,"column":6},"end":{"line":206,"column":7}},"type":"if","locations":[{"start":{"line":204,"column":6},"end":{"line":206,"column":7}},{"start":{},"end":{}}],"line":204}},"s":{"0":6,"1":6,"2":6,"3":6,"4":6,"5":6,"6":0,"7":0,"8":6,"9":17,"10":17,"11":17,"12":6,"13":5,"14":5,"15":5,"16":11,"17":6,"18":6,"19":6,"20":5,"21":5,"22":5,"23":6,"24":0,"25":0,"26":0,"27":0,"28":6,"29":0,"30":0,"31":0,"32":0,"33":6,"34":0,"35":0,"36":0,"37":0,"38":0,"39":0,"40":6,"41":22,"42":22,"43":22,"44":39,"45":39,"46":0,"47":39,"48":22,"49":39,"50":39,"51":39,"52":0,"53":22,"54":0,"55":6,"56":0,"57":0,"58":0,"59":6,"60":0,"61":0,"62":0,"63":0,"64":0,"65":0,"66":0,"67":0,"68":0,"69":0,"70":0,"71":0,"72":0,"73":0,"74":0,"75":0,"76":0,"77":0,"78":0,"79":0,"80":0,"81":6,"82":0,"83":0,"84":0,"85":0,"86":0,"87":0,"88":0,"89":0,"90":0,"91":0,"92":0,"93":0,"94":6,"95":0,"96":0,"97":0,"98":0,"99":0,"100":0,"101":0,"102":0,"103":0,"104":0,"105":0,"106":0,"107":0,"108":0,"109":0,"110":0,"111":0,"112":0,"113":0,"114":0,"115":0,"116":0,"117":0,"118":6,"119":28,"120":0,"121":28,"122":6,"123":0,"124":0,"125":0,"126":0},"f":{"0":6,"1":0,"2":17,"3":5,"4":11,"5":0,"6":0,"7":0,"8":0,"9":22,"10":39,"11":39,"12":0,"13":0,"14":0,"15":0,"16":0,"17":0,"18":0,"19":0,"20":0,"21":0,"22":0,"23":0,"24":0,"25":28,"26":0},"b":{"0":[0],"1":[6,5],"2":[0,0],"3":[0,0],"4":[0,39],"5":[0,39],"6":[0,22],"7":[0,0],"8":[0,0],"9":[0,0],"10":[0,0],"11":[0,0],"12":[0,0],"13":[0,0],"14":[0,0],"15":[0,0],"16":[0,28],"17":[0,0],"18":[0,0]},"_coverageSchema":"1a1c01bbd47fc00a2c39e90264f33305004495a9","hash":"83187f848cb29be00938312e1a50463349122c28"}
}
