TN:
SF:modules\application\application.js
FN:2,(anonymous_0)
FN:10,(anonymous_1)
FN:15,(anonymous_2)
FN:24,(anonymous_3)
FN:27,(anonymous_4)
FN:39,(anonymous_5)
FN:48,(anonymous_6)
FN:57,(anonymous_7)
FN:58,(anonymous_8)
FN:68,(anonymous_9)
FN:71,(anonymous_10)
FN:83,(anonymous_11)
FN:96,(anonymous_12)
FN:102,(anonymous_13)
FN:106,(anonymous_14)
FN:107,(anonymous_15)
FN:117,(anonymous_16)
FN:118,(anonymous_17)
FN:129,(anonymous_18)
FN:136,(anonymous_19)
FN:137,(anonymous_20)
FN:157,(anonymous_21)
FN:160,(anonymous_22)
FN:161,(anonymous_23)
FN:181,(anonymous_24)
FN:194,(anonymous_25)
FN:202,(anonymous_26)
FNF:27
FNH:8
FNDA:6,(anonymous_0)
FNDA:0,(anonymous_1)
FNDA:17,(anonymous_2)
FNDA:5,(anonymous_3)
FNDA:11,(anonymous_4)
FNDA:0,(anonymous_5)
FNDA:0,(anonymous_6)
FNDA:0,(anonymous_7)
FNDA:0,(anonymous_8)
FNDA:22,(anonymous_9)
FNDA:39,(anonymous_10)
FNDA:39,(anonymous_11)
FNDA:0,(anonymous_12)
FNDA:0,(anonymous_13)
FNDA:0,(anonymous_14)
FNDA:0,(anonymous_15)
FNDA:0,(anonymous_16)
FNDA:0,(anonymous_17)
FNDA:0,(anonymous_18)
FNDA:0,(anonymous_19)
FNDA:0,(anonymous_20)
FNDA:0,(anonymous_21)
FNDA:0,(anonymous_22)
FNDA:0,(anonymous_23)
FNDA:0,(anonymous_24)
FNDA:28,(anonymous_25)
FNDA:0,(anonymous_26)
DA:3,6
DA:4,6
DA:5,6
DA:6,6
DA:7,6
DA:10,6
DA:11,0
DA:12,0
DA:15,6
DA:16,17
DA:20,17
DA:21,17
DA:24,6
DA:25,5
DA:26,5
DA:27,5
DA:28,11
DA:29,6
DA:30,6
DA:31,6
DA:34,5
DA:35,5
DA:36,5
DA:39,6
DA:40,0
DA:41,0
DA:42,0
DA:45,0
DA:48,6
DA:49,0
DA:50,0
DA:51,0
DA:54,0
DA:57,6
DA:58,0
DA:59,0
DA:60,0
DA:62,0
DA:63,0
DA:65,0
DA:68,6
DA:69,22
DA:70,22
DA:71,22
DA:72,39
DA:73,39
DA:74,0
DA:76,39
DA:83,22
DA:84,39
DA:85,39
DA:86,39
DA:87,0
DA:91,22
DA:92,0
DA:96,6
DA:97,0
DA:98,0
DA:99,0
DA:102,6
DA:104,0
DA:105,0
DA:106,0
DA:107,0
DA:108,0
DA:109,0
DA:111,0
DA:112,0
DA:116,0
DA:117,0
DA:118,0
DA:119,0
DA:120,0
DA:121,0
DA:123,0
DA:124,0
DA:128,0
DA:129,0
DA:130,0
DA:131,0
DA:133,0
DA:136,6
DA:137,0
DA:138,0
DA:139,0
DA:142,0
DA:143,0
DA:144,0
DA:145,0
DA:148,0
DA:149,0
DA:150,0
DA:152,0
DA:154,0
DA:157,6
DA:158,0
DA:159,0
DA:160,0
DA:161,0
DA:162,0
DA:163,0
DA:166,0
DA:167,0
DA:168,0
DA:169,0
DA:170,0
DA:171,0
DA:174,0
DA:175,0
DA:176,0
DA:177,0
DA:181,0
DA:182,0
DA:183,0
DA:184,0
DA:188,0
DA:189,0
DA:190,0
DA:194,6
DA:195,28
DA:196,0
DA:199,28
DA:202,6
DA:203,0
DA:204,0
DA:205,0
DA:209,0
LF:127
LH:44
BRDA:2,0,0,0
BRDA:28,1,0,6
BRDA:28,1,1,5
BRDA:40,2,0,0
BRDA:40,2,1,0
BRDA:49,3,0,0
BRDA:49,3,1,0
BRDA:73,4,0,0
BRDA:73,4,1,39
BRDA:86,5,0,0
BRDA:86,5,1,39
BRDA:91,6,0,0
BRDA:91,6,1,22
BRDA:138,7,0,0
BRDA:138,7,1,0
BRDA:144,8,0,0
BRDA:144,8,1,0
BRDA:144,9,0,0
BRDA:144,9,1,0
BRDA:148,10,0,0
BRDA:148,10,1,0
BRDA:162,11,0,0
BRDA:162,11,1,0
BRDA:170,12,0,0
BRDA:170,12,1,0
BRDA:170,13,0,0
BRDA:170,13,1,0
BRDA:174,14,0,0
BRDA:174,14,1,0
BRDA:183,15,0,0
BRDA:183,15,1,0
BRDA:195,16,0,0
BRDA:195,16,1,28
BRDA:203,17,0,0
BRDA:203,17,1,0
BRDA:204,18,0,0
BRDA:204,18,1,0
BRF:37
BRH:6
end_of_record
